<?xml version="1.0" encoding="utf-8"?>
<coverage line-rate="0.6577" branch-rate="0.9166" version="1.9" timestamp="1756782831" lines-covered="98" lines-valid="149" branches-covered="44" branches-valid="48">
  <sources>
    <source>/home/godfrey/Downloads/Code/techone_test/</source>
  </sources>
  <packages>
    <package name="NumberToWordsApp" line-rate="0.6577" branch-rate="0.9166" complexity="55">
      <classes>
        <class name="Program" filename="Program.cs" line-rate="0" branch-rate="1" complexity="1">
          <methods>
            <method name="&lt;Main&gt;$" signature="(System.String[])" line-rate="0" branch-rate="1" complexity="1">
              <lines>
                <line number="3" hits="0" branch="False" />
                <line number="5" hits="0" branch="False" />
                <line number="6" hits="0" branch="False" />
                <line number="8" hits="0" branch="False" />
                <line number="10" hits="0" branch="False" />
                <line number="11" hits="0" branch="False" />
                <line number="13" hits="0" branch="False" />
                <line number="14" hits="0" branch="False" />
                <line number="16" hits="0" branch="False" />
              </lines>
            </method>
          </methods>
          <lines>
            <line number="3" hits="0" branch="False" />
            <line number="5" hits="0" branch="False" />
            <line number="6" hits="0" branch="False" />
            <line number="8" hits="0" branch="False" />
            <line number="10" hits="0" branch="False" />
            <line number="11" hits="0" branch="False" />
            <line number="13" hits="0" branch="False" />
            <line number="14" hits="0" branch="False" />
            <line number="16" hits="0" branch="False" />
          </lines>
        </class>
        <class name="NumberToWordsApp.Services.NumberToWordsService" filename="Services/NumberToWordsService.cs" line-rate="0.9606999999999999" branch-rate="0.9565" complexity="47">
          <methods>
            <method name="ConvertToWords" signature="(System.String)" line-rate="0.9285" branch-rate="0.9615" complexity="26">
              <lines>
                <line number="25" hits="30" branch="False" />
                <line number="26" hits="30" branch="True" condition-coverage="100% (2/2)">
                  <conditions>
                    <condition number="11" type="jump" coverage="100%" />
                  </conditions>
                </line>
                <line number="27" hits="2" branch="False" />
                <line number="29" hits="28" branch="True" condition-coverage="100% (2/2)">
                  <conditions>
                    <condition number="46" type="jump" coverage="100%" />
                  </conditions>
                </line>
                <line number="30" hits="1" branch="False" />
                <line number="32" hits="27" branch="True" condition-coverage="100% (2/2)">
                  <conditions>
                    <condition number="74" type="jump" coverage="100%" />
                  </conditions>
                </line>
                <line number="33" hits="1" branch="False" />
                <line number="35" hits="26" branch="True" condition-coverage="100% (2/2)">
                  <conditions>
                    <condition number="115" type="jump" coverage="100%" />
                  </conditions>
                </line>
                <line number="36" hits="1" branch="False" />
                <line number="38" hits="25" branch="True" condition-coverage="100% (2/2)">
                  <conditions>
                    <condition number="143" type="jump" coverage="100%" />
                  </conditions>
                </line>
                <line number="39" hits="1" branch="False" />
                <line number="41" hits="24" branch="False" />
                <line number="42" hits="24" branch="False" />
                <line number="43" hits="24" branch="False" />
                <line number="45" hits="24" branch="True" condition-coverage="100% (4/4)">
                  <conditions>
                    <condition number="185" type="jump" coverage="100%" />
                    <condition number="205" type="jump" coverage="100%" />
                  </conditions>
                </line>
                <line number="46" hits="11" branch="False" />
                <line number="47" hits="11" branch="False" />
                <line number="48" hits="11" branch="False" />
                <line number="49" hits="11" branch="False" />
                <line number="51" hits="24" branch="False" />
                <line number="53" hits="24" branch="True" condition-coverage="100% (2/2)">
                  <conditions>
                    <condition number="253" type="jump" coverage="100%" />
                  </conditions>
                </line>
                <line number="54" hits="19" branch="False" />
                <line number="55" hits="19" branch="False" />
                <line number="56" hits="19" branch="True" condition-coverage="100% (2/2)">
                  <conditions>
                    <condition number="289" type="jump" coverage="100%" />
                  </conditions>
                </line>
                <line number="57" hits="17" branch="False" />
                <line number="58" hits="19" branch="False" />
                <line number="60" hits="24" branch="True" condition-coverage="100% (2/2)">
                  <conditions>
                    <condition number="314" type="jump" coverage="100%" />
                  </conditions>
                </line>
                <line number="61" hits="10" branch="False" />
                <line number="62" hits="10" branch="True" condition-coverage="100% (2/2)">
                  <conditions>
                    <condition number="331" type="jump" coverage="100%" />
                  </conditions>
                </line>
                <line number="63" hits="5" branch="False" />
                <line number="65" hits="10" branch="False" />
                <line number="66" hits="10" branch="True" condition-coverage="100% (2/2)">
                  <conditions>
                    <condition number="380" type="jump" coverage="100%" />
                  </conditions>
                </line>
                <line number="67" hits="8" branch="False" />
                <line number="68" hits="10" branch="False" />
                <line number="69" hits="14" branch="True" condition-coverage="50% (1/2)">
                  <conditions>
                    <condition number="408" type="jump" coverage="50%" />
                  </conditions>
                </line>
                <line number="70" hits="14" branch="False" />
                <line number="72" hits="14" branch="False" />
                <line number="74" hits="0" branch="False" />
                <line number="75" hits="0" branch="False" />
                <line number="76" hits="0" branch="False" />
                <line number="78" hits="24" branch="False" />
                <line number="79" hits="25" branch="False" />
              </lines>
            </method>
            <method name="ConvertWholeNumberToWords" signature="(System.Int64)" line-rate="0.9545" branch-rate="0.9" complexity="10">
              <lines>
                <line number="82" hits="29" branch="False" />
                <line number="83" hits="29" branch="True" condition-coverage="50% (1/2)">
                  <conditions>
                    <condition number="8" type="jump" coverage="50%" />
                  </conditions>
                </line>
                <line number="84" hits="0" branch="False" />
                <line number="86" hits="29" branch="False" />
                <line number="87" hits="29" branch="False" />
                <line number="89" hits="65" branch="True" condition-coverage="100% (2/2)">
                  <conditions>
                    <condition number="157" type="jump" coverage="100%" />
                  </conditions>
                </line>
                <line number="90" hits="36" branch="False" />
                <line number="91" hits="36" branch="False" />
                <line number="92" hits="36" branch="True" condition-coverage="100% (2/2)">
                  <conditions>
                    <condition number="52" type="jump" coverage="100%" />
                  </conditions>
                </line>
                <line number="93" hits="35" branch="False" />
                <line number="94" hits="35" branch="False" />
                <line number="95" hits="35" branch="True" condition-coverage="100% (2/2)">
                  <conditions>
                    <condition number="74" type="jump" coverage="100%" />
                  </conditions>
                </line>
                <line number="96" hits="7" branch="False" />
                <line number="98" hits="35" branch="True" condition-coverage="100% (2/2)">
                  <conditions>
                    <condition number="111" type="jump" coverage="100%" />
                  </conditions>
                </line>
                <line number="99" hits="6" branch="False" />
                <line number="101" hits="29" branch="False" />
                <line number="102" hits="35" branch="False" />
                <line number="104" hits="36" branch="False" />
                <line number="105" hits="36" branch="False" />
                <line number="106" hits="36" branch="False" />
                <line number="108" hits="29" branch="False" />
                <line number="109" hits="29" branch="False" />
              </lines>
            </method>
            <method name="ConvertChunkToWords" signature="(System.Int32)" line-rate="1" branch-rate="1" complexity="10">
              <lines>
                <line number="112" hits="35" branch="False" />
                <line number="113" hits="35" branch="False" />
                <line number="115" hits="35" branch="False" />
                <line number="116" hits="35" branch="True" condition-coverage="100% (2/2)">
                  <conditions>
                    <condition number="18" type="jump" coverage="100%" />
                  </conditions>
                </line>
                <line number="117" hits="11" branch="False" />
                <line number="118" hits="11" branch="False" />
                <line number="119" hits="11" branch="False" />
                <line number="120" hits="11" branch="True" condition-coverage="100% (2/2)">
                  <conditions>
                    <condition number="53" type="jump" coverage="100%" />
                  </conditions>
                </line>
                <line number="121" hits="9" branch="False" />
                <line number="122" hits="11" branch="False" />
                <line number="124" hits="35" branch="True" condition-coverage="100% (2/2)">
                  <conditions>
                    <condition number="80" type="jump" coverage="100%" />
                  </conditions>
                </line>
                <line number="125" hits="16" branch="False" />
                <line number="126" hits="16" branch="False" />
                <line number="127" hits="16" branch="False" />
                <line number="128" hits="16" branch="False" />
                <line number="129" hits="16" branch="True" condition-coverage="100% (2/2)">
                  <conditions>
                    <condition number="120" type="jump" coverage="100%" />
                  </conditions>
                </line>
                <line number="130" hits="13" branch="False" />
                <line number="131" hits="16" branch="False" />
                <line number="132" hits="19" branch="True" condition-coverage="100% (2/2)">
                  <conditions>
                    <condition number="154" type="jump" coverage="100%" />
                  </conditions>
                </line>
                <line number="133" hits="17" branch="False" />
                <line number="134" hits="17" branch="False" />
                <line number="135" hits="17" branch="False" />
                <line number="137" hits="35" branch="False" />
                <line number="138" hits="35" branch="False" />
              </lines>
            </method>
            <method name=".ctor" signature="()" line-rate="1" branch-rate="1" complexity="1">
              <lines>
                <line number="7" hits="30" branch="False" />
                <line number="8" hits="30" branch="False" />
                <line number="9" hits="30" branch="False" />
                <line number="10" hits="30" branch="False" />
                <line number="11" hits="30" branch="False" />
                <line number="12" hits="30" branch="False" />
                <line number="14" hits="30" branch="False" />
                <line number="15" hits="30" branch="False" />
                <line number="16" hits="30" branch="False" />
                <line number="17" hits="30" branch="False" />
                <line number="19" hits="30" branch="False" />
                <line number="20" hits="30" branch="False" />
                <line number="21" hits="30" branch="False" />
                <line number="22" hits="30" branch="False" />
              </lines>
            </method>
          </methods>
          <lines>
            <line number="25" hits="30" branch="False" />
            <line number="26" hits="30" branch="True" condition-coverage="100% (2/2)">
              <conditions>
                <condition number="11" type="jump" coverage="100%" />
              </conditions>
            </line>
            <line number="27" hits="2" branch="False" />
            <line number="29" hits="28" branch="True" condition-coverage="100% (2/2)">
              <conditions>
                <condition number="46" type="jump" coverage="100%" />
              </conditions>
            </line>
            <line number="30" hits="1" branch="False" />
            <line number="32" hits="27" branch="True" condition-coverage="100% (2/2)">
              <conditions>
                <condition number="74" type="jump" coverage="100%" />
              </conditions>
            </line>
            <line number="33" hits="1" branch="False" />
            <line number="35" hits="26" branch="True" condition-coverage="100% (2/2)">
              <conditions>
                <condition number="115" type="jump" coverage="100%" />
              </conditions>
            </line>
            <line number="36" hits="1" branch="False" />
            <line number="38" hits="25" branch="True" condition-coverage="100% (2/2)">
              <conditions>
                <condition number="143" type="jump" coverage="100%" />
              </conditions>
            </line>
            <line number="39" hits="1" branch="False" />
            <line number="41" hits="24" branch="False" />
            <line number="42" hits="24" branch="False" />
            <line number="43" hits="24" branch="False" />
            <line number="45" hits="24" branch="True" condition-coverage="100% (4/4)">
              <conditions>
                <condition number="185" type="jump" coverage="100%" />
                <condition number="205" type="jump" coverage="100%" />
              </conditions>
            </line>
            <line number="46" hits="11" branch="False" />
            <line number="47" hits="11" branch="False" />
            <line number="48" hits="11" branch="False" />
            <line number="49" hits="11" branch="False" />
            <line number="51" hits="24" branch="False" />
            <line number="53" hits="24" branch="True" condition-coverage="100% (2/2)">
              <conditions>
                <condition number="253" type="jump" coverage="100%" />
              </conditions>
            </line>
            <line number="54" hits="19" branch="False" />
            <line number="55" hits="19" branch="False" />
            <line number="56" hits="19" branch="True" condition-coverage="100% (2/2)">
              <conditions>
                <condition number="289" type="jump" coverage="100%" />
              </conditions>
            </line>
            <line number="57" hits="17" branch="False" />
            <line number="58" hits="19" branch="False" />
            <line number="60" hits="24" branch="True" condition-coverage="100% (2/2)">
              <conditions>
                <condition number="314" type="jump" coverage="100%" />
              </conditions>
            </line>
            <line number="61" hits="10" branch="False" />
            <line number="62" hits="10" branch="True" condition-coverage="100% (2/2)">
              <conditions>
                <condition number="331" type="jump" coverage="100%" />
              </conditions>
            </line>
            <line number="63" hits="5" branch="False" />
            <line number="65" hits="10" branch="False" />
            <line number="66" hits="10" branch="True" condition-coverage="100% (2/2)">
              <conditions>
                <condition number="380" type="jump" coverage="100%" />
              </conditions>
            </line>
            <line number="67" hits="8" branch="False" />
            <line number="68" hits="10" branch="False" />
            <line number="69" hits="14" branch="True" condition-coverage="50% (1/2)">
              <conditions>
                <condition number="408" type="jump" coverage="50%" />
              </conditions>
            </line>
            <line number="70" hits="14" branch="False" />
            <line number="72" hits="14" branch="False" />
            <line number="74" hits="0" branch="False" />
            <line number="75" hits="0" branch="False" />
            <line number="76" hits="0" branch="False" />
            <line number="78" hits="24" branch="False" />
            <line number="79" hits="25" branch="False" />
            <line number="82" hits="29" branch="False" />
            <line number="83" hits="29" branch="True" condition-coverage="50% (1/2)">
              <conditions>
                <condition number="8" type="jump" coverage="50%" />
              </conditions>
            </line>
            <line number="84" hits="0" branch="False" />
            <line number="86" hits="29" branch="False" />
            <line number="87" hits="29" branch="False" />
            <line number="89" hits="65" branch="True" condition-coverage="100% (2/2)">
              <conditions>
                <condition number="157" type="jump" coverage="100%" />
              </conditions>
            </line>
            <line number="90" hits="36" branch="False" />
            <line number="91" hits="36" branch="False" />
            <line number="92" hits="36" branch="True" condition-coverage="100% (2/2)">
              <conditions>
                <condition number="52" type="jump" coverage="100%" />
              </conditions>
            </line>
            <line number="93" hits="35" branch="False" />
            <line number="94" hits="35" branch="False" />
            <line number="95" hits="35" branch="True" condition-coverage="100% (2/2)">
              <conditions>
                <condition number="74" type="jump" coverage="100%" />
              </conditions>
            </line>
            <line number="96" hits="7" branch="False" />
            <line number="98" hits="35" branch="True" condition-coverage="100% (2/2)">
              <conditions>
                <condition number="111" type="jump" coverage="100%" />
              </conditions>
            </line>
            <line number="99" hits="6" branch="False" />
            <line number="101" hits="29" branch="False" />
            <line number="102" hits="35" branch="False" />
            <line number="104" hits="36" branch="False" />
            <line number="105" hits="36" branch="False" />
            <line number="106" hits="36" branch="False" />
            <line number="108" hits="29" branch="False" />
            <line number="109" hits="29" branch="False" />
            <line number="112" hits="35" branch="False" />
            <line number="113" hits="35" branch="False" />
            <line number="115" hits="35" branch="False" />
            <line number="116" hits="35" branch="True" condition-coverage="100% (2/2)">
              <conditions>
                <condition number="18" type="jump" coverage="100%" />
              </conditions>
            </line>
            <line number="117" hits="11" branch="False" />
            <line number="118" hits="11" branch="False" />
            <line number="119" hits="11" branch="False" />
            <line number="120" hits="11" branch="True" condition-coverage="100% (2/2)">
              <conditions>
                <condition number="53" type="jump" coverage="100%" />
              </conditions>
            </line>
            <line number="121" hits="9" branch="False" />
            <line number="122" hits="11" branch="False" />
            <line number="124" hits="35" branch="True" condition-coverage="100% (2/2)">
              <conditions>
                <condition number="80" type="jump" coverage="100%" />
              </conditions>
            </line>
            <line number="125" hits="16" branch="False" />
            <line number="126" hits="16" branch="False" />
            <line number="127" hits="16" branch="False" />
            <line number="128" hits="16" branch="False" />
            <line number="129" hits="16" branch="True" condition-coverage="100% (2/2)">
              <conditions>
                <condition number="120" type="jump" coverage="100%" />
              </conditions>
            </line>
            <line number="130" hits="13" branch="False" />
            <line number="131" hits="16" branch="False" />
            <line number="132" hits="19" branch="True" condition-coverage="100% (2/2)">
              <conditions>
                <condition number="154" type="jump" coverage="100%" />
              </conditions>
            </line>
            <line number="133" hits="17" branch="False" />
            <line number="134" hits="17" branch="False" />
            <line number="135" hits="17" branch="False" />
            <line number="137" hits="35" branch="False" />
            <line number="138" hits="35" branch="False" />
            <line number="7" hits="30" branch="False" />
            <line number="8" hits="30" branch="False" />
            <line number="9" hits="30" branch="False" />
            <line number="10" hits="30" branch="False" />
            <line number="11" hits="30" branch="False" />
            <line number="12" hits="30" branch="False" />
            <line number="14" hits="30" branch="False" />
            <line number="15" hits="30" branch="False" />
            <line number="16" hits="30" branch="False" />
            <line number="17" hits="30" branch="False" />
            <line number="19" hits="30" branch="False" />
            <line number="20" hits="30" branch="False" />
            <line number="21" hits="30" branch="False" />
            <line number="22" hits="30" branch="False" />
          </lines>
        </class>
        <class name="NumberToWordsApp.Models.ConversionRequest" filename="Models/ConversionRequest.cs" line-rate="0" branch-rate="1" complexity="1">
          <methods>
            <method name="get_Number" signature="()" line-rate="0" branch-rate="1" complexity="1">
              <lines>
                <line number="5" hits="0" branch="False" />
              </lines>
            </method>
          </methods>
          <lines>
            <line number="5" hits="0" branch="False" />
          </lines>
        </class>
        <class name="NumberToWordsApp.Models.ConversionResponse" filename="Models/ConversionResponse.cs" line-rate="0" branch-rate="1" complexity="3">
          <methods>
            <method name="get_Words" signature="()" line-rate="0" branch-rate="1" complexity="1">
              <lines>
                <line number="5" hits="0" branch="False" />
              </lines>
            </method>
            <method name="get_Success" signature="()" line-rate="0" branch-rate="1" complexity="1">
              <lines>
                <line number="6" hits="0" branch="False" />
              </lines>
            </method>
            <method name="get_ErrorMessage" signature="()" line-rate="0" branch-rate="1" complexity="1">
              <lines>
                <line number="7" hits="0" branch="False" />
              </lines>
            </method>
          </methods>
          <lines>
            <line number="5" hits="0" branch="False" />
            <line number="6" hits="0" branch="False" />
            <line number="7" hits="0" branch="False" />
          </lines>
        </class>
        <class name="NumberToWordsApp.Controllers.NumberToWordsController" filename="Controllers/NumberToWordsController.cs" line-rate="0" branch-rate="0" complexity="3">
          <methods>
            <method name="ConvertToWords" signature="(NumberToWordsApp.Models.ConversionRequest)" line-rate="0" branch-rate="0" complexity="2">
              <lines>
                <line number="20" hits="0" branch="False" />
                <line number="22" hits="0" branch="False" />
                <line number="23" hits="0" branch="True" condition-coverage="0% (0/2)">
                  <conditions>
                    <condition number="15" type="jump" coverage="0%" />
                  </conditions>
                </line>
                <line number="24" hits="0" branch="False" />
                <line number="25" hits="0" branch="False" />
                <line number="26" hits="0" branch="False" />
                <line number="27" hits="0" branch="False" />
                <line number="28" hits="0" branch="False" />
                <line number="29" hits="0" branch="False" />
                <line number="32" hits="0" branch="False" />
                <line number="34" hits="0" branch="False" />
                <line number="35" hits="0" branch="False" />
                <line number="36" hits="0" branch="False" />
                <line number="37" hits="0" branch="False" />
                <line number="38" hits="0" branch="False" />
                <line number="40" hits="0" branch="False" />
                <line number="41" hits="0" branch="False" />
                <line number="42" hits="0" branch="False" />
                <line number="43" hits="0" branch="False" />
                <line number="44" hits="0" branch="False" />
                <line number="45" hits="0" branch="False" />
                <line number="46" hits="0" branch="False" />
                <line number="48" hits="0" branch="False" />
                <line number="49" hits="0" branch="False" />
                <line number="50" hits="0" branch="False" />
                <line number="51" hits="0" branch="False" />
                <line number="52" hits="0" branch="False" />
                <line number="53" hits="0" branch="False" />
                <line number="54" hits="0" branch="False" />
                <line number="56" hits="0" branch="False" />
              </lines>
            </method>
            <method name=".ctor" signature="(NumberToWordsApp.Services.NumberToWordsService)" line-rate="0" branch-rate="1" complexity="1">
              <lines>
                <line number="13" hits="0" branch="False" />
                <line number="14" hits="0" branch="False" />
                <line number="15" hits="0" branch="False" />
                <line number="16" hits="0" branch="False" />
              </lines>
            </method>
          </methods>
          <lines>
            <line number="20" hits="0" branch="False" />
            <line number="22" hits="0" branch="False" />
            <line number="23" hits="0" branch="True" condition-coverage="0% (0/2)">
              <conditions>
                <condition number="15" type="jump" coverage="0%" />
              </conditions>
            </line>
            <line number="24" hits="0" branch="False" />
            <line number="25" hits="0" branch="False" />
            <line number="26" hits="0" branch="False" />
            <line number="27" hits="0" branch="False" />
            <line number="28" hits="0" branch="False" />
            <line number="29" hits="0" branch="False" />
            <line number="32" hits="0" branch="False" />
            <line number="34" hits="0" branch="False" />
            <line number="35" hits="0" branch="False" />
            <line number="36" hits="0" branch="False" />
            <line number="37" hits="0" branch="False" />
            <line number="38" hits="0" branch="False" />
            <line number="40" hits="0" branch="False" />
            <line number="41" hits="0" branch="False" />
            <line number="42" hits="0" branch="False" />
            <line number="43" hits="0" branch="False" />
            <line number="44" hits="0" branch="False" />
            <line number="45" hits="0" branch="False" />
            <line number="46" hits="0" branch="False" />
            <line number="48" hits="0" branch="False" />
            <line number="49" hits="0" branch="False" />
            <line number="50" hits="0" branch="False" />
            <line number="51" hits="0" branch="False" />
            <line number="52" hits="0" branch="False" />
            <line number="53" hits="0" branch="False" />
            <line number="54" hits="0" branch="False" />
            <line number="56" hits="0" branch="False" />
            <line number="13" hits="0" branch="False" />
            <line number="14" hits="0" branch="False" />
            <line number="15" hits="0" branch="False" />
            <line number="16" hits="0" branch="False" />
          </lines>
        </class>
      </classes>
    </package>
  </packages>
</coverage>